time="2024-07-07T23:10:51+07:00" level=error msg="pq: syntax error at or near \"limit\""
time="2024-07-07T23:12:30+07:00" level=error msg="pq: syntax error at or near \"limit\""
time="2024-07-07T23:14:08+07:00" level=error msg="pq: syntax error at or near \"limit\""
time="2024-07-07T23:47:10+07:00" level=error msg="pq: syntax error at or near \"limit\""
time="2024-07-07T23:50:48+07:00" level=error msg="pq: syntax error at or near \"limit\""
time="2024-07-07T23:52:52+07:00" level=error msg="sql: Scan error on column index 0, name \"merchant_name\": converting driver.Value type string (\"toyota_showroom\") to a int: invalid syntax"
time="2024-07-07T23:53:00+07:00" level=error msg="sql: Scan error on column index 0, name \"merchant_name\": converting driver.Value type string (\"toyota_showroom\") to a int: invalid syntax"
time="2024-07-08T00:40:17+07:00" level=error msg="pq: column \"customer_name\" does not exist"
time="2024-07-08T04:37:59+07:00" level=error msg="pq: column c.customer_name does not exist"
time="2024-07-08T10:03:09+07:00" level=error msg="limit tenor is not enough"
time="2024-07-08T10:04:12+07:00" level=error msg="limit tenor is not enough"
time="2024-07-08T10:05:06+07:00" level=error msg="limit tenor is not enough"
time="2024-07-08T10:19:03+07:00" level=error msg="limit tenor is not enough"
time="2024-07-08T10:20:30+07:00" level=error msg="limit tenor is not enough"
time="2024-07-08T10:23:40+07:00" level=error msg="limit tenor is not enough"
time="2024-07-08T10:34:48+07:00" level=error msg="limit tenor is not enough"
time="2024-07-08T10:36:37+07:00" level=error msg="limit tenor is not enough"
time="2024-07-08T10:38:07+07:00" level=error msg="limit tenor is not enough"
time="2024-07-08T10:52:10+07:00" level=error msg="limit tenor is not enough"
time="2024-07-08T11:24:03+07:00" level=error msg="limit tenor is not enough"
time="2024-07-08T12:42:54+07:00" level=error msg="limit tenor is not enough"
time="2024-07-08T13:06:17+07:00" level=error msg="limit tenor is not enough"
time="2024-07-08T13:18:44+07:00" level=error msg="limit tenor is not enough"
time="2024-07-08T13:50:41+07:00" level=error msg="limit tenor is not enough"
time="2024-07-08T13:58:57+07:00" level=error msg="limit tenor is not enough"
time="2024-07-08T14:07:10+07:00" level=error msg="limit tenor is not enough"
time="2024-07-08T14:29:41+07:00" level=error msg="limit tenor is not enough"
time="2024-07-08T14:29:51+07:00" level=error msg="limit tenor is not enough"
time="2024-07-08T14:29:58+07:00" level=error msg="limit tenor is not enough"
time="2024-07-08T14:33:07+07:00" level=error msg="limit tenor is not enough"
time="2024-07-08T14:33:21+07:00" level=error msg="limit tenor is not enough"
time="2024-07-08T14:33:24+07:00" level=error msg="limit tenor is not enough"
time="2024-07-08T14:35:10+07:00" level=error msg="limit tenor is not enough"
time="2024-07-08T14:39:03+07:00" level=error msg="limit tenor is not enough"
time="2024-07-08T14:41:33+07:00" level=error msg="limit tenor is not enough"
time="2024-07-08T14:41:37+07:00" level=error msg="limit tenor is not enough"
time="2024-07-08T14:41:38+07:00" level=error msg="limit tenor is not enough"
time="2024-07-08T14:41:38+07:00" level=error msg="limit tenor is not enough"
time="2024-07-08T14:41:39+07:00" level=error msg="limit tenor is not enough"
time="2024-07-08T14:41:41+07:00" level=error msg="limit tenor is not enough"
time="2024-07-08T14:41:42+07:00" level=error msg="limit tenor is not enough"
time="2024-07-08T14:41:56+07:00" level=error msg="limit tenor is not enough"
time="2024-07-08T14:45:12+07:00" level=error msg="limit tenor is not enough"
time="2024-07-08T14:48:37+07:00" level=error msg="limit tenor is not enough"
time="2024-07-08T14:53:01+07:00" level=error msg="limit tenor is not enough"
time="2024-07-08T14:53:04+07:00" level=error msg="limit tenor is not enough"
time="2024-07-08T14:53:04+07:00" level=error msg="limit tenor is not enough"
time="2024-07-08T14:53:05+07:00" level=error msg="limit tenor is not enough"
time="2024-07-08T14:53:05+07:00" level=error msg="limit tenor is not enough"
time="2024-07-08T14:53:06+07:00" level=error msg="limit tenor is not enough"
time="2024-07-08T14:53:07+07:00" level=error msg="limit tenor is not enough"
time="2024-07-08T14:53:07+07:00" level=error msg="limit tenor is not enough"
time="2024-07-08T14:53:55+07:00" level=error msg="limit tenor is not enough"
time="2024-07-08T14:53:57+07:00" level=error msg="limit tenor is not enough"
time="2024-07-08T14:53:58+07:00" level=error msg="limit tenor is not enough"
time="2024-07-08T14:53:58+07:00" level=error msg="limit tenor is not enough"
time="2024-07-08T14:58:41+07:00" level=error msg="limit tenor is not enough"
time="2024-07-08T14:59:01+07:00" level=error msg="limit tenor is not enough"
time="2024-07-08T14:59:47+07:00" level=error msg="limit tenor is not enough"
time="2024-07-08T14:59:49+07:00" level=error msg="limit tenor is not enough"
time="2024-07-08T15:00:13+07:00" level=error msg="limit tenor is not enough"
